#
# There is insufficient memory for the Java Runtime Environment to continue.
# Native memory allocation (malloc) failed to allocate 32744 bytes for ChunkPool::allocate
# Possible reasons:
#   The system is out of physical RAM or swap space
#   The process is running with CompressedOops enabled, and the Java Heap may be blocking the growth of the native heap
# Possible solutions:
#   Reduce memory load on the system
#   Increase physical memory or swap space
#   Check if swap backing store is full
#   Decrease Java heap size (-Xmx/-Xms)
#   Decrease number of Java threads
#   Decrease Java thread stack sizes (-Xss)
#   Set larger code cache with -XX:ReservedCodeCacheSize=
#   JVM is running with Unscaled Compressed Oops mode in which the Java heap is
#     placed in the first 4GB address space. The Java Heap base address is the
#     maximum limit for the native heap growth. Please use -XX:HeapBaseMinAddress
#     to set the Java Heap base and to place the Java Heap above 4GB virtual address.
# This output file may be truncated or incomplete.
#
#  Out of Memory Error (allocation.cpp:272), pid=106472, tid=0x00000000000013f4
#
# JRE version: OpenJDK Runtime Environment (8.0_282-b08) (build 1.8.0_282-b08)
# Java VM: OpenJDK 64-Bit Server VM (25.282-b08 mixed mode windows-amd64 compressed oops)
# Failed to write core dump. Minidumps are not enabled by default on client versions of Windows
#

---------------  T H R E A D  ---------------

Current thread (0x000000001975b800):  JavaThread "Daemon worker" [_thread_in_vm, id=5108, stack(0x000000001b390000,0x000000001b490000)]

Stack: [0x000000001b390000,0x000000001b490000]
[error occurred during error reporting (printing stack bounds), id 0xc0000005]

Native frames: (J=compiled Java code, j=interpreted, Vv=VM code, C=native code)

Java frames: (J=compiled Java code, j=interpreted, Vv=VM code)
J 502  java.lang.Throwable.fillInStackTrace(I)Ljava/lang/Throwable; (0 bytes) @ 0x0000000003050cbb [0x0000000003050c80+0x3b]
J 535 C1 java.lang.Throwable.<init>(Ljava/lang/String;Ljava/lang/Throwable;)V (39 bytes) @ 0x000000000306a324 [0x0000000003069fe0+0x344]
J 507 C1 java.lang.ReflectiveOperationException.<init>(Ljava/lang/String;Ljava/lang/Throwable;)V (7 bytes) @ 0x0000000003059144 [0x0000000003059080+0xc4]
J 1416 C2 java.net.URLClassLoader.findClass(Ljava/lang/String;)Ljava/lang/Class; (47 bytes) @ 0x000000000333efec [0x000000000333eee0+0x10c]
J 1351 C2 java.lang.ClassLoader.loadClass(Ljava/lang/String;Z)Ljava/lang/Class; (122 bytes) @ 0x0000000003314ad4 [0x0000000003314640+0x494]
J 1351 C2 java.lang.ClassLoader.loadClass(Ljava/lang/String;Z)Ljava/lang/Class; (122 bytes) @ 0x000000000331528c [0x0000000003314640+0xc4c]
J 446 C1 java.lang.ClassLoader.loadClass(Ljava/lang/String;)Ljava/lang/Class; (7 bytes) @ 0x000000000303538c [0x0000000003035280+0x10c]
v  ~StubRoutines::call_stub
j  org.gradle.api.internal.artifacts.DependencyServices.registerBuildServices(Lorg/gradle/internal/service/ServiceRegistration;)V+1
j  org.gradle.internal.service.scopes.BuildScopeServices.lambda$new$0(Lorg/gradle/internal/service/ServiceRegistry;Lorg/gradle/internal/service/ServiceRegistration;)V+59
j  org.gradle.internal.service.scopes.BuildScopeServices$$Lambda$20.execute(Ljava/lang/Object;)V+8
j  org.gradle.internal.service.DefaultServiceRegistry.register(Lorg/gradle/api/Action;)V+9
j  org.gradle.internal.service.scopes.BuildScopeServices.<init>(Lorg/gradle/internal/service/ServiceRegistry;)V+31
j  org.gradle.initialization.DefaultGradleLauncherFactory.doNewInstance(Lorg/gradle/api/internal/BuildDefinition;Lorg/gradle/internal/build/BuildState;Lorg/gradle/initialization/GradleLauncher;Lorg/gradle/internal/service/scopes/BuildTreeScopeServices;Ljava/util/List;)Lorg/gradle/initialization/DefaultGradleLauncher;+6
j  org.gradle.initialization.DefaultGradleLauncherFactory.newInstance(Lorg/gradle/api/internal/BuildDefinition;Lorg/gradle/internal/build/RootBuildState;Lorg/gradle/internal/service/scopes/BuildTreeScopeServices;)Lorg/gradle/initialization/GradleLauncher;+33
j  org.gradle.composite.internal.DefaultRootBuildState.<init>(Lorg/gradle/api/internal/BuildDefinition;Lorg/gradle/initialization/GradleLauncherFactory;Lorg/gradle/internal/event/ListenerManager;Lorg/gradle/internal/service/scopes/BuildTreeScopeServices;)V+15
j  org.gradle.composite.internal.DefaultIncludedBuildRegistry.createRootBuild(Lorg/gradle/api/internal/BuildDefinition;)Lorg/gradle/internal/build/RootBuildState;+35
j  org.gradle.launcher.exec.InProcessBuildActionExecuter.execute(Lorg/gradle/internal/invocation/BuildAction;Lorg/gradle/initialization/BuildRequestContext;Lorg/gradle/launcher/exec/BuildActionParameters;Lorg/gradle/internal/service/ServiceRegistry;)Lorg/gradle/launcher/exec/BuildActionResult;+61
j  org.gradle.launcher.exec.InProcessBuildActionExecuter.execute(Lorg/gradle/internal/invocation/BuildAction;Lorg/gradle/initialization/BuildRequestContext;Ljava/lang/Object;Lorg/gradle/internal/service/ServiceRegistry;)Lorg/gradle/launcher/exec/BuildActionResult;+9
j  org.gradle.launcher.exec.BuildTreeScopeBuildActionExecuter.execute(Lorg/gradle/internal/invocation/BuildAction;Lorg/gradle/initialization/BuildRequestContext;Lorg/gradle/launcher/exec/BuildActionParameters;Lorg/gradle/internal/service/ServiceRegistry;)Lorg/gradle/launcher/exec/BuildActionResult;+38
j  org.gradle.launcher.exec.BuildTreeScopeBuildActionExecuter.execute(Lorg/gradle/internal/invocation/BuildAction;Lorg/gradle/initialization/BuildRequestContext;Ljava/lang/Object;Lorg/gradle/internal/service/ServiceRegistry;)Lorg/gradle/launcher/exec/BuildActionResult;+9
j  org.gradle.tooling.internal.provider.ContinuousBuildActionExecuter.execute(Lorg/gradle/internal/invocation/BuildAction;Lorg/gradle/initialization/BuildRequestContext;Lorg/gradle/launcher/exec/BuildActionParameters;Lorg/gradle/internal/service/ServiceRegistry;)Lorg/gradle/launcher/exec/BuildActionResult;+58
j  org.gradle.tooling.internal.provider.ContinuousBuildActionExecuter.execute(Lorg/gradle/internal/invocation/BuildAction;Lorg/gradle/initialization/BuildRequestContext;Ljava/lang/Object;Lorg/gradle/internal/service/ServiceRegistry;)Lorg/gradle/launcher/exec/BuildActionResult;+9
j  org.gradle.tooling.internal.provider.SubscribableBuildActionExecuter.execute(Lorg/gradle/internal/invocation/BuildAction;Lorg/gradle/initialization/BuildRequestContext;Lorg/gradle/launcher/exec/BuildActionParameters;Lorg/gradle/internal/service/ServiceRegistry;)Lorg/gradle/launcher/exec/BuildActionResult;+41
j  org.gradle.tooling.internal.provider.SubscribableBuildActionExecuter.execute(Lorg/gradle/internal/invocation/BuildAction;Lorg/gradle/initialization/BuildRequestContext;Ljava/lang/Object;Lorg/gradle/internal/service/ServiceRegistry;)Lorg/gradle/launcher/exec/BuildActionResult;+9
j  org.gradle.tooling.internal.provider.SessionScopeBuildActionExecuter.execute(Lorg/gradle/internal/invocation/BuildAction;Lorg/gradle/initialization/BuildRequestContext;Lorg/gradle/launcher/exec/BuildActionParameters;Lorg/gradle/internal/service/ServiceRegistry;)Lorg/gradle/launcher/exec/BuildActionResult;+117
j  org.gradle.tooling.internal.provider.SessionScopeBuildActionExecuter.execute(Lorg/gradle/internal/invocation/BuildAction;Lorg/gradle/initialization/BuildRequestContext;Ljava/lang/Object;Lorg/gradle/internal/service/ServiceRegistry;)Lorg/gradle/launcher/exec/BuildActionResult;+9
j  org.gradle.tooling.internal.provider.GradleThreadBuildActionExecuter.execute(Lorg/gradle/internal/invocation/BuildAction;Lorg/gradle/initialization/BuildRequestContext;Lorg/gradle/launcher/exec/BuildActionParameters;Lorg/gradle/internal/service/ServiceRegistry;)Lorg/gradle/launcher/exec/BuildActionResult;+12
j  org.gradle.tooling.internal.provider.GradleThreadBuildActionExecuter.execute(Lorg/gradle/internal/invocation/BuildAction;Lorg/gradle/initialization/BuildRequestContext;Ljava/lang/Object;Lorg/gradle/internal/service/ServiceRegistry;)Lorg/gradle/launcher/exec/BuildActionResult;+9
j  org.gradle.tooling.internal.provider.ParallelismConfigurationBuildActionExecuter.execute(Lorg/gradle/internal/invocation/BuildAction;Lorg/gradle/initialization/BuildRequestContext;Lorg/gradle/launcher/exec/BuildActionParameters;Lorg/gradle/internal/service/ServiceRegistry;)Lorg/gradle/launcher/exec/BuildActionResult;+43
j  org.gradle.tooling.internal.provider.ParallelismConfigurationBuildActionExecuter.execute(Lorg/gradle/internal/invocation/BuildAction;Lorg/gradle/initialization/BuildRequestContext;Ljava/lang/Object;Lorg/gradle/internal/service/ServiceRegistry;)Lorg/gradle/launcher/exec/BuildActionResult;+9
j  org.gradle.tooling.internal.provider.StartParamsValidatingActionExecuter.execute(Lorg/gradle/internal/invocation/BuildAction;Lorg/gradle/initialization/BuildRequestContext;Lorg/gradle/launcher/exec/BuildActionParameters;Lorg/gradle/internal/service/ServiceRegistry;)Lorg/gradle/launcher/exec/BuildActionResult;+177
j  org.gradle.tooling.internal.provider.StartParamsValidatingActionExecuter.execute(Lorg/gradle/internal/invocation/BuildAction;Lorg/gradle/initialization/BuildRequestContext;Ljava/lang/Object;Lorg/gradle/internal/service/ServiceRegistry;)Lorg/gradle/launcher/exec/BuildActionResult;+9
j  org.gradle.tooling.internal.provider.SessionFailureReportingActionExecuter.execute(Lorg/gradle/internal/invocation/BuildAction;Lorg/gradle/initialization/BuildRequestContext;Lorg/gradle/launcher/exec/BuildActionParameters;Lorg/gradle/internal/service/ServiceRegistry;)Lorg/gradle/launcher/exec/BuildActionResult;+9
j  org.gradle.tooling.internal.provider.SessionFailureReportingActionExecuter.execute(Lorg/gradle/internal/invocation/BuildAction;Lorg/gradle/initialization/BuildRequestContext;Ljava/lang/Object;Lorg/gradle/internal/service/ServiceRegistry;)Lorg/gradle/launcher/exec/BuildActionResult;+9
j  org.gradle.tooling.internal.provider.SetupLoggingActionExecuter.execute(Lorg/gradle/internal/invocation/BuildAction;Lorg/gradle/initialization/BuildRequestContext;Lorg/gradle/launcher/exec/BuildActionParameters;Lorg/gradle/internal/service/ServiceRegistry;)Lorg/gradle/launcher/exec/BuildActionResult;+52
j  org.gradle.tooling.internal.provider.SetupLoggingActionExecuter.execute(Lorg/gradle/internal/invocation/BuildAction;Lorg/gradle/initialization/BuildRequestContext;Ljava/lang/Object;Lorg/gradle/internal/service/ServiceRegistry;)Lorg/gradle/launcher/exec/BuildActionResult;+9
j  org.gradle.launcher.daemon.server.exec.ExecuteBuild.doBuild(Lorg/gradle/launcher/daemon/server/api/DaemonCommandExecution;Lorg/gradle/launcher/daemon/protocol/Build;)V+118
j  org.gradle.launcher.daemon.server.exec.BuildCommandOnly.execute(Lorg/gradle/launcher/daemon/server/api/DaemonCommandExecution;)V+49
j  org.gradle.launcher.daemon.server.api.DaemonCommandExecution.proceed()Z+23
j  org.gradle.launcher.daemon.server.exec.WatchForDisconnection.execute(Lorg/gradle/launcher/daemon/server/api/DaemonCommandExecution;)V+19
j  org.gradle.launcher.daemon.server.api.DaemonCommandExecution.proceed()Z+23
j  org.gradle.launcher.daemon.server.exec.ResetDeprecationLogger.execute(Lorg/gradle/launcher/daemon/server/api/DaemonCommandExecution;)V+7
j  org.gradle.launcher.daemon.server.api.DaemonCommandExecution.proceed()Z+23
j  org.gradle.launcher.daemon.server.exec.RequestStopIfSingleUsedDaemon.execute(Lorg/gradle/launcher/daemon/server/api/DaemonCommandExecution;)V+33
j  org.gradle.launcher.daemon.server.api.DaemonCommandExecution.proceed()Z+23
j  org.gradle.launcher.daemon.server.exec.ForwardClientInput$2.create()Ljava/lang/Void;+4
j  org.gradle.launcher.daemon.server.exec.ForwardClientInput$2.create()Ljava/lang/Object;+1
j  org.gradle.util.Swapper.swap(Ljava/lang/Object;Lorg/gradle/internal/Factory;)Ljava/lang/Object;+21
j  org.gradle.launcher.daemon.server.exec.ForwardClientInput.execute(Lorg/gradle/launcher/daemon/server/api/DaemonCommandExecution;)V+63
j  org.gradle.launcher.daemon.server.api.DaemonCommandExecution.proceed()Z+23
j  org.gradle.launcher.daemon.server.exec.LogAndCheckHealth.execute(Lorg/gradle/launcher/daemon/server/api/DaemonCommandExecution;)V+28
j  org.gradle.launcher.daemon.server.api.DaemonCommandExecution.proceed()Z+23
j  org.gradle.launcher.daemon.server.exec.LogToClient.doBuild(Lorg/gradle/launcher/daemon/server/api/DaemonCommandExecution;Lorg/gradle/launcher/daemon/protocol/Build;)V+87
j  org.gradle.launcher.daemon.server.exec.BuildCommandOnly.execute(Lorg/gradle/launcher/daemon/server/api/DaemonCommandExecution;)V+49
j  org.gradle.launcher.daemon.server.api.DaemonCommandExecution.proceed()Z+23
j  org.gradle.launcher.daemon.server.exec.EstablishBuildEnvironment.doBuild(Lorg/gradle/launcher/daemon/server/api/DaemonCommandExecution;Lorg/gradle/launcher/daemon/protocol/Build;)V+351
j  org.gradle.launcher.daemon.server.exec.BuildCommandOnly.execute(Lorg/gradle/launcher/daemon/server/api/DaemonCommandExecution;)V+49
j  org.gradle.launcher.daemon.server.api.DaemonCommandExecution.proceed()Z+23
j  org.gradle.launcher.daemon.server.exec.StartBuildOrRespondWithBusy$1.run()V+44
j  org.gradle.launcher.daemon.server.DaemonStateCoordinator$1.run()V+4
j  org.gradle.internal.concurrent.ExecutorPolicy$CatchAndRecordFailures.onExecute(Ljava/lang/Runnable;)V+1
j  org.gradle.internal.concurrent.ManagedExecutorImpl$1.run()V+25
j  java.util.concurrent.ThreadPoolExecutor.runWorker(Ljava/util/concurrent/ThreadPoolExecutor$Worker;)V+95
j  java.util.concurrent.ThreadPoolExecutor$Worker.run()V+5
j  org.gradle.internal.concurrent.ThreadFactoryImpl$ManagedThreadRunnable.run()V+7
j  java.lang.Thread.run()V+11
v  ~StubRoutines::call_stub

---------------  P R O C E S S  ---------------

Java Threads: ( => current thread )
  0x00000000197cf800 JavaThread "Cache worker for file hash cache (C:\Users\apuentes\.gradle\caches\6.2\fileHashes)" [_thread_blocked, id=130488, stack(0x000000001bb90000,0x000000001bc90000)]
  0x00000000197cd000 JavaThread "File lock request listener" [_thread_in_native, id=130480, stack(0x000000001ba90000,0x000000001bb90000)]
  0x00000000197ce800 JavaThread "Cache worker for journal cache (C:\Users\apuentes\.gradle\caches\journal-1)" [_thread_blocked, id=130444, stack(0x000000001b990000,0x000000001ba90000)]
  0x000000001978e800 JavaThread "Thread-9" [_thread_blocked, id=47648, stack(0x000000001b690000,0x000000001b790000)]
  0x0000000019760000 JavaThread "Stdin handler" [_thread_blocked, id=130440, stack(0x000000001b590000,0x000000001b690000)]
  0x000000001975e800 JavaThread "Asynchronous log dispatcher for DefaultDaemonConnection: socket connection from /127.0.0.1:1665 to /127.0.0.1:1666" [_thread_blocked, id=102656, stack(0x000000001b490000,0x000000001b590000)]
=>0x000000001975b800 JavaThread "Daemon worker" [_thread_in_vm, id=5108, stack(0x000000001b390000,0x000000001b490000)]
  0x0000000019759800 JavaThread "Cancel handler" [_thread_blocked, id=113816, stack(0x000000001b190000,0x000000001b290000)]
  0x0000000019792800 JavaThread "Handler for socket connection from /127.0.0.1:1665 to /127.0.0.1:1666" [_thread_in_native, id=19828, stack(0x000000001ae90000,0x000000001af90000)]
  0x0000000019790800 JavaThread "Daemon" [_thread_blocked, id=133068, stack(0x000000001ad90000,0x000000001ae90000)]
  0x0000000019747800 JavaThread "Daemon periodic checks" [_thread_blocked, id=15924, stack(0x000000001ac90000,0x000000001ad90000)]
  0x00000000196ec800 JavaThread "Incoming local TCP Connector on port 1665" [_thread_in_native, id=63228, stack(0x000000001aa20000,0x000000001ab20000)]
  0x00000000196c2800 JavaThread "Daemon health stats" [_thread_blocked, id=138852, stack(0x000000001a3e0000,0x000000001a4e0000)]
  0x0000000015fce000 JavaThread "Service Thread" daemon [_thread_blocked, id=139168, stack(0x0000000017a40000,0x0000000017b40000)]
  0x0000000015fcb000 JavaThread "C1 CompilerThread3" daemon [_thread_blocked, id=24964, stack(0x0000000017940000,0x0000000017a40000)]
  0x0000000015fc3800 JavaThread "C2 CompilerThread2" daemon [_thread_in_native, id=36388, stack(0x0000000017840000,0x0000000017940000)]
  0x0000000015fc2800 JavaThread "C2 CompilerThread1" daemon [_thread_blocked, id=141488, stack(0x0000000017740000,0x0000000017840000)]
  0x0000000015fc5800 JavaThread "C2 CompilerThread0" daemon [_thread_blocked, id=138496, stack(0x0000000017640000,0x0000000017740000)]
  0x0000000015fbc800 JavaThread "Attach Listener" daemon [_thread_blocked, id=138992, stack(0x0000000017540000,0x0000000017640000)]
  0x0000000015fbb000 JavaThread "Signal Dispatcher" daemon [_thread_blocked, id=52520, stack(0x0000000017440000,0x0000000017540000)]
  0x0000000002e3c000 JavaThread "Finalizer" daemon [_thread_blocked, id=14160, stack(0x0000000017210000,0x0000000017310000)]
  0x00000000148ac800 JavaThread "Reference Handler" daemon [_thread_blocked, id=9748, stack(0x0000000017110000,0x0000000017210000)]
  0x0000000002d44000 JavaThread "main" [_thread_blocked, id=158816, stack(0x0000000002c40000,0x0000000002d40000)]

Other Threads:
  0x00000000148a6800 VMThread [stack: 0x0000000017010000,0x0000000017110000] [id=101184]
  0x0000000015fce800 WatcherThread [stack: 0x0000000017b40000,0x0000000017c40000] [id=151768]

VM state:not at safepoint (normal execution)

VM Mutex/Monitor currently owned by a thread: None

heap address: 0x00000000e0000000, size: 512 MB, Compressed Oops mode: 32-bit
Narrow klass base: 0x0000000000000000, Narrow klass shift: 3
Compressed class space size: 1073741824 Address: 0x0000000100000000

Heap:
 PSYoungGen      total 139776K, used 17469K [0x00000000f5580000, 0x00000000fe980000, 0x0000000100000000)
  eden space 130048K, 6% used [0x00000000f5580000,0x00000000f5d75970,0x00000000fd480000)
  from space 9728K, 95% used [0x00000000fe000000,0x00000000fe919e60,0x00000000fe980000)
  to   space 10752K, 0% used [0x00000000fd480000,0x00000000fd480000,0x00000000fdf00000)
 ParOldGen       total 175104K, used 24K [0x00000000e0000000, 0x00000000eab00000, 0x00000000f5580000)
  object space 175104K, 0% used [0x00000000e0000000,0x00000000e0006000,0x00000000eab00000)
 Metaspace       used 15308K, capacity 15702K, committed 15872K, reserved 1062912K
  class space    used 2094K, capacity 2201K, committed 2304K, reserved 1048576K

Card table byte_map: [0x0000000012200000,0x0000000012310000] byte_map_base: 0x0000000011b00000

Marking Bits: (ParMarkBitMap*) 0x000000006a153420
 Begin Bits: [0x0000000012dc0000, 0x00000000135c0000)
 End Bits:   [0x00000000135c0000, 0x0000000013dc0000)

Polling page: 0x0000000002b70000

CodeCache: size=245760Kb used=5150Kb max_used=5164Kb free=240609Kb
 bounds [0x0000000002e40000, 0x0000000003350000, 0x0000000011e40000]
 total_blobs=1831 nmethods=1441 adapters=302
 compilation: enabled

Compilation events (10 events):
Event: 3.288 Thread 0x0000000015fc5800 1437   !   4       java.util.zip.InflaterInputStream::read (138 bytes)
Event: 3.288 Thread 0x0000000015fc2800 1438       4       java.util.concurrent.ConcurrentHashMap::putIfAbsent (8 bytes)
Event: 3.289 Thread 0x0000000015fcb000 1440       3       java.lang.invoke.LambdaForm::returnType (26 bytes)
Event: 3.289 Thread 0x0000000015fc2800 nmethod 1438 0x0000000003341dd0 code [0x0000000003341f20, 0x0000000003341fa8]
Event: 3.289 Thread 0x0000000015fcb000 nmethod 1440 0x0000000003341990 code [0x0000000003341b00, 0x0000000003341cd0]
Event: 3.289 Thread 0x0000000015fcb000 1441       1       org.gradle.internal.service.AbstractServiceMethod::getParameterTypes (5 bytes)
Event: 3.289 Thread 0x0000000015fcb000 nmethod 1441 0x0000000003347790 code [0x00000000033478e0, 0x00000000033479f0]
Event: 3.292 Thread 0x0000000015fc2800 1442   !   4       java.util.concurrent.ConcurrentHashMap::transfer (832 bytes)
Event: 3.295 Thread 0x0000000015fcb000 1443       3       org.gradle.internal.service.DefaultServiceRegistry$FactoryService::<init> (7 bytes)
Event: 3.295 Thread 0x0000000015fcb000 nmethod 1443 0x0000000003346a10 code [0x0000000003346be0, 0x00000000033472a8]

GC Heap History (4 events):
Event: 2.034 GC heap before
{Heap before GC invocations=1 (full 0):
 PSYoungGen      total 76288K, used 65536K [0x00000000f5580000, 0x00000000faa80000, 0x0000000100000000)
  eden space 65536K, 100% used [0x00000000f5580000,0x00000000f9580000,0x00000000f9580000)
  from space 10752K, 0% used [0x00000000fa000000,0x00000000fa000000,0x00000000faa80000)
  to   space 10752K, 0% used [0x00000000f9580000,0x00000000f9580000,0x00000000fa000000)
 ParOldGen       total 175104K, used 0K [0x00000000e0000000, 0x00000000eab00000, 0x00000000f5580000)
  object space 175104K, 0% used [0x00000000e0000000,0x00000000e0000000,0x00000000eab00000)
 Metaspace       used 7771K, capacity 7984K, committed 8320K, reserved 1056768K
  class space    used 971K, capacity 1043K, committed 1152K, reserved 1048576K
Event: 2.057 GC heap after
Heap after GC invocations=1 (full 0):
 PSYoungGen      total 76288K, used 5824K [0x00000000f5580000, 0x00000000fea80000, 0x0000000100000000)
  eden space 65536K, 0% used [0x00000000f5580000,0x00000000f5580000,0x00000000f9580000)
  from space 10752K, 54% used [0x00000000f9580000,0x00000000f9b30330,0x00000000fa000000)
  to   space 10752K, 0% used [0x00000000fe000000,0x00000000fe000000,0x00000000fea80000)
 ParOldGen       total 175104K, used 16K [0x00000000e0000000, 0x00000000eab00000, 0x00000000f5580000)
  object space 175104K, 0% used [0x00000000e0000000,0x00000000e0004000,0x00000000eab00000)
 Metaspace       used 7771K, capacity 7984K, committed 8320K, reserved 1056768K
  class space    used 971K, capacity 1043K, committed 1152K, reserved 1048576K
}
Event: 3.239 GC heap before
{Heap before GC invocations=2 (full 0):
 PSYoungGen      total 76288K, used 71360K [0x00000000f5580000, 0x00000000fea80000, 0x0000000100000000)
  eden space 65536K, 100% used [0x00000000f5580000,0x00000000f9580000,0x00000000f9580000)
  from space 10752K, 54% used [0x00000000f9580000,0x00000000f9b30330,0x00000000fa000000)
  to   space 10752K, 0% used [0x00000000fe000000,0x00000000fe000000,0x00000000fea80000)
 ParOldGen       total 175104K, used 16K [0x00000000e0000000, 0x00000000eab00000, 0x00000000f5580000)
  object space 175104K, 0% used [0x00000000e0000000,0x00000000e0004000,0x00000000eab00000)
 Metaspace       used 14765K, capacity 15086K, committed 15232K, reserved 1062912K
  class space    used 1991K, capacity 2103K, committed 2176K, reserved 1048576K
Event: 3.249 GC heap after
Heap after GC invocations=2 (full 0):
 PSYoungGen      total 139776K, used 9319K [0x00000000f5580000, 0x00000000fe980000, 0x0000000100000000)
  eden space 130048K, 0% used [0x00000000f5580000,0x00000000f5580000,0x00000000fd480000)
  from space 9728K, 95% used [0x00000000fe000000,0x00000000fe919e60,0x00000000fe980000)
  to   space 10752K, 0% used [0x00000000fd480000,0x00000000fd480000,0x00000000fdf00000)
 ParOldGen       total 175104K, used 24K [0x00000000e0000000, 0x00000000eab00000, 0x00000000f5580000)
  object space 175104K, 0% used [0x00000000e0000000,0x00000000e0006000,0x00000000eab00000)
 Metaspace       used 14765K, capacity 15086K, committed 15232K, reserved 1062912K
  class space    used 1991K, capacity 2103K, committed 2176K, reserved 1048576K
}

Deoptimization events (10 events):
Event: 2.249 Thread 0x0000000002d44000 Uncommon trap: reason=bimorphic action=maybe_recompile pc=0x00000000030f0700 method=java.util.HashMap.putVal(ILjava/lang/Object;Ljava/lang/Object;ZZ)Ljava/lang/Object; @ 203
Event: 2.530 Thread 0x0000000002d44000 Uncommon trap: reason=unstable_if action=reinterpret pc=0x0000000003147644 method=java.io.WinNTFileSystem.normalize(Ljava/lang/String;)Ljava/lang/String; @ 128
Event: 3.008 Thread 0x000000001975b800 Uncommon trap: reason=unstable_if action=reinterpret pc=0x00000000032b299c method=sun.nio.cs.SingleByte$Encoder.encodeArrayLoop(Ljava/nio/CharBuffer;Ljava/nio/ByteBuffer;)Ljava/nio/charset/CoderResult; @ 70
Event: 3.010 Thread 0x000000001975b800 Uncommon trap: reason=bimorphic action=maybe_recompile pc=0x00000000030f0484 method=java.util.HashMap.putVal(ILjava/lang/Object;Ljava/lang/Object;ZZ)Ljava/lang/Object; @ 253
Event: 3.010 Thread 0x000000001975b800 Uncommon trap: reason=bimorphic action=maybe_recompile pc=0x00000000030f0484 method=java.util.HashMap.putVal(ILjava/lang/Object;Ljava/lang/Object;ZZ)Ljava/lang/Object; @ 253
Event: 3.010 Thread 0x000000001975b800 Uncommon trap: reason=bimorphic action=maybe_recompile pc=0x00000000030f0484 method=java.util.HashMap.putVal(ILjava/lang/Object;Ljava/lang/Object;ZZ)Ljava/lang/Object; @ 253
Event: 3.155 Thread 0x000000001975b800 Uncommon trap: reason=class_check action=maybe_recompile pc=0x0000000003169518 method=java.util.regex.Matcher.match(II)Z @ 86
Event: 3.166 Thread 0x000000001975b800 Uncommon trap: reason=class_check action=maybe_recompile pc=0x0000000003169518 method=java.util.regex.Matcher.match(II)Z @ 86
Event: 3.167 Thread 0x000000001975b800 Uncommon trap: reason=class_check action=maybe_recompile pc=0x0000000003169518 method=java.util.regex.Matcher.match(II)Z @ 86
Event: 3.167 Thread 0x000000001975b800 Uncommon trap: reason=class_check action=maybe_recompile pc=0x0000000002fef804 method=java.util.regex.Matcher.match(II)Z @ 86

Classes redefined (0 events):
No events

Internal exceptions (10 events):
Event: 1.419 Thread 0x0000000002d44000 Exception <a 'java/lang/ArrayIndexOutOfBoundsException'> (0x00000000f689c240) thrown at [C:\cygwin64\tmp\build\source\java-1.8.0-openjdk\tmp\jdk8u\hotspot\src\share\vm\runtime\sharedRuntime.cpp, line 605]
Event: 1.419 Thread 0x0000000002d44000 Exception <a 'java/lang/ArrayIndexOutOfBoundsException'> (0x00000000f689e528) thrown at [C:\cygwin64\tmp\build\source\java-1.8.0-openjdk\tmp\jdk8u\hotspot\src\share\vm\runtime\sharedRuntime.cpp, line 605]
Event: 1.452 Thread 0x0000000002d44000 Exception <a 'java/lang/ArrayIndexOutOfBoundsException'> (0x00000000f6b78860) thrown at [C:\cygwin64\tmp\build\source\java-1.8.0-openjdk\tmp\jdk8u\hotspot\src\share\vm\runtime\sharedRuntime.cpp, line 605]
Event: 1.453 Thread 0x0000000002d44000 Exception <a 'java/lang/ArrayIndexOutOfBoundsException'> (0x00000000f6b833e8) thrown at [C:\cygwin64\tmp\build\source\java-1.8.0-openjdk\tmp\jdk8u\hotspot\src\share\vm\runtime\sharedRuntime.cpp, line 605]
Event: 1.453 Thread 0x0000000002d44000 Exception <a 'java/lang/ArrayIndexOutOfBoundsException'> (0x00000000f6b85be8) thrown at [C:\cygwin64\tmp\build\source\java-1.8.0-openjdk\tmp\jdk8u\hotspot\src\share\vm\runtime\sharedRuntime.cpp, line 605]
Event: 1.454 Thread 0x0000000002d44000 Exception <a 'java/lang/ArrayIndexOutOfBoundsException'> (0x00000000f6b92f90) thrown at [C:\cygwin64\tmp\build\source\java-1.8.0-openjdk\tmp\jdk8u\hotspot\src\share\vm\runtime\sharedRuntime.cpp, line 605]
Event: 1.454 Thread 0x0000000002d44000 Exception <a 'java/lang/ArrayIndexOutOfBoundsException'> (0x00000000f6b95060) thrown at [C:\cygwin64\tmp\build\source\java-1.8.0-openjdk\tmp\jdk8u\hotspot\src\share\vm\runtime\sharedRuntime.cpp, line 605]
Event: 1.454 Thread 0x0000000002d44000 Exception <a 'java/lang/ArrayIndexOutOfBoundsException'> (0x00000000f6ba3870) thrown at [C:\cygwin64\tmp\build\source\java-1.8.0-openjdk\tmp\jdk8u\hotspot\src\share\vm\runtime\sharedRuntime.cpp, line 605]
Event: 1.454 Thread 0x0000000002d44000 Exception <a 'java/lang/ArrayIndexOutOfBoundsException'> (0x00000000f6bae990) thrown at [C:\cygwin64\tmp\build\source\java-1.8.0-openjdk\tmp\jdk8u\hotspot\src\share\vm\runtime\sharedRuntime.cpp, line 605]
Event: 2.964 Thread 0x0000000002d44000 Exception <a 'java/io/IOException'> (0x00000000f740a9d8) thrown at [C:\cygwin64\tmp\build\source\java-1.8.0-openjdk\tmp\jdk8u\hotspot\src\share\vm\prims\jni.cpp, line 711]

Events (10 events):
Event: 3.301 loading class org/gradle/api/internal/filestore/ArtifactIdentifierFileStore
Event: 3.301 loading class org/gradle/api/internal/filestore/ArtifactIdentifierFileStore done
Event: 3.301 loading class org/gradle/internal/resource/local/FileStore
Event: 3.301 loading class org/gradle/internal/resource/local/FileStore done
Event: 3.301 loading class org/gradle/internal/resource/local/FileStoreSearcher
Event: 3.301 loading class org/gradle/internal/resource/local/FileStoreSearcher done
Event: 3.302 loading class org/gradle/api/internal/artifacts/mvnsettings/LocalMavenRepositoryLocator
Event: 3.302 loading class org/gradle/api/internal/artifacts/mvnsettings/LocalMavenRepositoryLocator done
Event: 3.302 loading class org/gradle/api/internal/artifacts/ivyservice/modulecache/artifacts/InMemoryModuleArtifactsCache
Event: 3.302 loading class org/gradle/api/internal/artifacts/ivyservice/modulecache/artifacts/InMemoryModuleArtifactsCache done


Dynamic libraries:
0x00007ff749d00000 - 0x00007ff749d35000 	C:\Program Files\OpenJDK\openjdk-8u282-b08\bin\java.exe
0x00007ffb13970000 - 0x00007ffb13b66000 	C:\WINDOWS\SYSTEM32\ntdll.dll
0x00007ffb119d0000 - 0x00007ffb11a8d000 	C:\WINDOWS\System32\KERNEL32.DLL
0x00007ffb11320000 - 0x00007ffb115e9000 	C:\WINDOWS\System32\KERNELBASE.dll
0x00007ffb132f0000 - 0x00007ffb1339c000 	C:\WINDOWS\System32\ADVAPI32.dll
0x00007ffb127d0000 - 0x00007ffb1286e000 	C:\WINDOWS\System32\msvcrt.dll
0x00007ffb11c60000 - 0x00007ffb11cfc000 	C:\WINDOWS\System32\sechost.dll
0x00007ffb12610000 - 0x00007ffb1273b000 	C:\WINDOWS\System32\RPCRT4.dll
0x00007ffb13790000 - 0x00007ffb13930000 	C:\WINDOWS\System32\USER32.dll
0x00007ffb112f0000 - 0x00007ffb11312000 	C:\WINDOWS\System32\win32u.dll
0x00007ffb133a0000 - 0x00007ffb133ca000 	C:\WINDOWS\System32\GDI32.dll
0x00007ffb11710000 - 0x00007ffb1181b000 	C:\WINDOWS\System32\gdi32full.dll
0x00007ffb115f0000 - 0x00007ffb1168d000 	C:\WINDOWS\System32\msvcp_win.dll
0x00007ffb118d0000 - 0x00007ffb119d0000 	C:\WINDOWS\System32\ucrtbase.dll
0x00007ffafafd0000 - 0x00007ffafb26b000 	C:\WINDOWS\WinSxS\amd64_microsoft.windows.common-controls_6595b64144ccf1df_6.0.19041.746_none_ca02b4b61b8320a4\COMCTL32.dll
0x00007ffb12a00000 - 0x00007ffb12a30000 	C:\WINDOWS\System32\IMM32.DLL
0x000000006b060000 - 0x000000006b132000 	C:\Program Files\OpenJDK\openjdk-8u282-b08\jre\bin\msvcr100.dll
0x0000000069940000 - 0x000000006a1d5000 	C:\Program Files\OpenJDK\openjdk-8u282-b08\jre\bin\server\jvm.dll
0x00007ffb12b80000 - 0x00007ffb12b88000 	C:\WINDOWS\System32\PSAPI.DLL
0x00007ffb08ad0000 - 0x00007ffb08af7000 	C:\WINDOWS\SYSTEM32\WINMM.dll
0x00007ffaec5a0000 - 0x00007ffaec5a9000 	C:\WINDOWS\SYSTEM32\WSOCK32.dll
0x00007ffb12a30000 - 0x00007ffb12a9b000 	C:\WINDOWS\System32\WS2_32.dll
0x00007ffb0aa60000 - 0x00007ffb0aa6a000 	C:\WINDOWS\SYSTEM32\VERSION.dll
0x00007ffaeca10000 - 0x00007ffaeca1f000 	C:\Program Files\OpenJDK\openjdk-8u282-b08\jre\bin\verify.dll
0x00007ffac4010000 - 0x00007ffac4039000 	C:\Program Files\OpenJDK\openjdk-8u282-b08\jre\bin\java.dll
0x00007ffac17c0000 - 0x00007ffac17d6000 	C:\Program Files\OpenJDK\openjdk-8u282-b08\jre\bin\zip.dll
0x00007ffb12ba0000 - 0x00007ffb132e2000 	C:\WINDOWS\System32\SHELL32.dll
0x00007ffb0f1c0000 - 0x00007ffb0f950000 	C:\WINDOWS\SYSTEM32\windows.storage.dll
0x00007ffb11e40000 - 0x00007ffb12196000 	C:\WINDOWS\System32\combase.dll
0x00007ffb10b10000 - 0x00007ffb10b3c000 	C:\WINDOWS\SYSTEM32\Wldp.dll
0x00007ffb12950000 - 0x00007ffb129fe000 	C:\WINDOWS\System32\SHCORE.dll
0x00007ffb11de0000 - 0x00007ffb11e35000 	C:\WINDOWS\System32\shlwapi.dll
0x00007ffb10fe0000 - 0x00007ffb11006000 	C:\WINDOWS\SYSTEM32\profapi.dll
0x00007ffabd280000 - 0x00007ffabd29b000 	C:\Program Files\OpenJDK\openjdk-8u282-b08\jre\bin\net.dll
0x00007ffb10840000 - 0x00007ffb108aa000 	C:\WINDOWS\system32\mswsock.dll
0x00007ffabd260000 - 0x00007ffabd272000 	C:\Program Files\OpenJDK\openjdk-8u282-b08\jre\bin\nio.dll
0x00007ffab8dc0000 - 0x00007ffab8dea000 	C:\Users\apuentes\.gradle\native\36\windows-amd64\native-platform.dll
0x00007ffadf720000 - 0x00007ffadf72d000 	C:\Program Files\OpenJDK\openjdk-8u282-b08\jre\bin\management.dll
0x00007ffb109f0000 - 0x00007ffb10a08000 	C:\WINDOWS\SYSTEM32\CRYPTSP.dll
0x00007ffb10180000 - 0x00007ffb101b4000 	C:\WINDOWS\system32\rsaenh.dll
0x00007ffb116e0000 - 0x00007ffb11707000 	C:\WINDOWS\System32\bcrypt.dll
0x00007ffb10fa0000 - 0x00007ffb10fce000 	C:\WINDOWS\SYSTEM32\USERENV.dll
0x00007ffb11110000 - 0x00007ffb11190000 	C:\WINDOWS\System32\bcryptprimitives.dll
0x00007ffb10a10000 - 0x00007ffb10a1c000 	C:\WINDOWS\SYSTEM32\CRYPTBASE.dll
0x00007ffb10500000 - 0x00007ffb1053b000 	C:\WINDOWS\SYSTEM32\IPHLPAPI.DLL
0x00007ffb12b90000 - 0x00007ffb12b98000 	C:\WINDOWS\System32\NSI.dll
0x00007ffb0a000000 - 0x00007ffb0a017000 	C:\WINDOWS\SYSTEM32\dhcpcsvc6.DLL
0x00007ffb0a700000 - 0x00007ffb0a71d000 	C:\WINDOWS\SYSTEM32\dhcpcsvc.DLL
0x00007ffb10540000 - 0x00007ffb1060b000 	C:\WINDOWS\SYSTEM32\DNSAPI.dll

VM Arguments:
jvm_args: -XX:MaxMetaspaceSize=256m -XX:+HeapDumpOnOutOfMemoryError -Xms256m -Xmx512m -Dfile.encoding=windows-1252 -Duser.country=CL -Duser.language=es -Duser.variant 
java_command: org.gradle.launcher.daemon.bootstrap.GradleDaemon 6.2
java_class_path (initial): C:\Users\apuentes\.gradle\wrapper\dists\gradle-6.2-all\dvufqs6kielxeao781pmk5huj\gradle-6.2\lib\gradle-launcher-6.2.jar
Launcher Type: SUN_STANDARD

Environment Variables:
JAVA_HOME=C:\Program Files\OpenJDK\openjdk-8u282-b08
CLASSPATH=D:\Antofatech\Proyectos\React_Native\vadim\TiktokClone\android\\gradle\wrapper\gradle-wrapper.jar
USERNAME=apuentes
OS=Windows_NT
PROCESSOR_IDENTIFIER=Intel64 Family 6 Model 158 Stepping 10, GenuineIntel



---------------  S Y S T E M  ---------------

OS: Windows 10.0 , 64 bit Build 19041 (10.0.19041.804)

CPU:total 12 (initial active 12) (6 cores per cpu, 2 threads per core) family 6 model 158 stepping 10, cmov, cx8, fxsr, mmx, sse, sse2, sse3, ssse3, sse4.1, sse4.2, popcnt, avx, avx2, aes, clmul, erms, 3dnowpref, lzcnt, ht, tsc, tscinvbit, bmi1, bmi2, adx

Memory: 4k page, physical 33394924k(1950504k free), swap 53728940k(6140k free)

vm_info: OpenJDK 64-Bit Server VM (25.282-b08) for windows-amd64 JRE (1.8.0_282-b08), built on Jan 11 2021 12:17:07 by "build" with MS VC++ 10.0 (VS2010)

time: Mon Mar 08 09:36:49 2021
timezone: Hora verano Sudamérica Pacífico
elapsed time: 3.313994 seconds (0d 0h 0m 3s)

